<?xml version="1.0" encoding="UTF-8"?>
<testsuite xmlns:xsi="http://www.w3.org/2001/XMLSchema-instance" xsi:noNamespaceSchemaLocation="https://maven.apache.org/surefire/maven-surefire-plugin/xsd/surefire-test-report.xsd" name="com.example.TestVisitor" time="0.506" tests="3" errors="1" skipped="0" failures="0">
  <properties>
[...]
</properties>
  <testcase name="testAddTypeStatementInList" classname="com.example.TestVisitor" time="0.383">
    <error message="return; is not an BlockStmt" type="java.lang.IllegalStateException">java.lang.IllegalStateException: return; is not an BlockStmt
	at com.example.TestVisitor.testAddTypeStatementInList(TestVisitor.java:87)
</error>
  </testcase>
  <testcase name="testExtractBlockStatementsMethod" classname="com.example.TestVisitor" time="0.022"/>
  <testcase name="testExtractNameMethod" classname="com.example.TestVisitor" time="0.018"/>
</testsuite>