<?xml version="1.0" encoding="UTF-8"?>
<testsuite xmlns:xsi="http://www.w3.org/2001/XMLSchema-instance" xsi:noNamespaceSchemaLocation="https://maven.apache.org/surefire/maven-surefire-plugin/xsd/surefire-test-report.xsd" name="com.example.TestVisitor" time="0.571" tests="3" errors="0" skipped="0" failures="0">
  <properties>
[...]
</properties>
  <testcase name="testExtractBlockStatementsMethod" classname="com.example.TestVisitor" time="0.431"/>
  <testcase name="testCreateListOfTypeStatements" classname="com.example.TestVisitor" time="0.025"/>
  <testcase name="testExtractNameMethod" classname="com.example.TestVisitor" time="0.016"/>
</testsuite>